<?xml version="1.0" encoding="UTF-8" ?>
<testsuite tests="49" failures="0" name="bp.BloodPressureTest" time="0.507" errors="0" skipped="0">
  <properties>
[...]
</properties>
  <testcase classname="bp.BloodPressureTest" name="testSetSystolic_systolicTooLow_returnsInvalidValue[0]" time="0.255"/>
  <testcase classname="bp.BloodPressureTest" name="testSetDiastolic_diastolicTooHigh_returnsInvalidValue[0]" time="0.001"/>
  <testcase classname="bp.BloodPressureTest" name="testSetDiastolic_diastolicTooLow_returnsInvalidValue[0]" time="0.001"/>
  <testcase classname="bp.BloodPressureTest" name="testSetDiastolic_diastolicValid_setsValue[0]" time="0.002"/>
  <testcase classname="bp.BloodPressureTest" name="testSetSystolic_systolicValid_setsValue[0]" time="0.007"/>
  <testcase classname="bp.BloodPressureTest" name="testSetSystolic_systolicTooHigh_returnsInvalidValue[0]" time="0.001"/>
  <testcase classname="bp.BloodPressureTest" name="testSetBPCategory[0]" time="0"/>
  <testcase classname="bp.BloodPressureTest" name="testSetSystolic_systolicTooLow_returnsInvalidValue[1]" time="0.003"/>
  <testcase classname="bp.BloodPressureTest" name="testSetDiastolic_diastolicTooHigh_returnsInvalidValue[1]" time="0.005"/>
  <testcase classname="bp.BloodPressureTest" name="testSetDiastolic_diastolicTooLow_returnsInvalidValue[1]" time="0.005"/>
  <testcase classname="bp.BloodPressureTest" name="testSetDiastolic_diastolicValid_setsValue[1]" time="0.003"/>
  <testcase classname="bp.BloodPressureTest" name="testSetSystolic_systolicValid_setsValue[1]" time="0.002"/>
  <testcase classname="bp.BloodPressureTest" name="testSetSystolic_systolicTooHigh_returnsInvalidValue[1]" time="0.003"/>
  <testcase classname="bp.BloodPressureTest" name="testSetBPCategory[1]" time="0"/>
  <testcase classname="bp.BloodPressureTest" name="testSetSystolic_systolicTooLow_returnsInvalidValue[2]" time="0.005"/>
  <testcase classname="bp.BloodPressureTest" name="testSetDiastolic_diastolicTooHigh_returnsInvalidValue[2]" time="0.004"/>
  <testcase classname="bp.BloodPressureTest" name="testSetDiastolic_diastolicTooLow_returnsInvalidValue[2]" time="0.004"/>
  <testcase classname="bp.BloodPressureTest" name="testSetDiastolic_diastolicValid_setsValue[2]" time="0.003"/>
  <testcase classname="bp.BloodPressureTest" name="testSetSystolic_systolicValid_setsValue[2]" time="0.011"/>
  <testcase classname="bp.BloodPressureTest" name="testSetSystolic_systolicTooHigh_returnsInvalidValue[2]" time="0.002"/>
  <testcase classname="bp.BloodPressureTest" name="testSetBPCategory[2]" time="0"/>
  <testcase classname="bp.BloodPressureTest" name="testSetSystolic_systolicTooLow_returnsInvalidValue[3]" time="0.005"/>
  <testcase classname="bp.BloodPressureTest" name="testSetDiastolic_diastolicTooHigh_returnsInvalidValue[3]" time="0.001"/>
  <testcase classname="bp.BloodPressureTest" name="testSetDiastolic_diastolicTooLow_returnsInvalidValue[3]" time="0.002"/>
  <testcase classname="bp.BloodPressureTest" name="testSetDiastolic_diastolicValid_setsValue[3]" time="0.001"/>
  <testcase classname="bp.BloodPressureTest" name="testSetSystolic_systolicValid_setsValue[3]" time="0.007"/>
  <testcase classname="bp.BloodPressureTest" name="testSetSystolic_systolicTooHigh_returnsInvalidValue[3]" time="0.005"/>
  <testcase classname="bp.BloodPressureTest" name="testSetBPCategory[3]" time="0"/>
  <testcase classname="bp.BloodPressureTest" name="testSetSystolic_systolicTooLow_returnsInvalidValue[4]" time="0.011"/>
  <testcase classname="bp.BloodPressureTest" name="testSetDiastolic_diastolicTooHigh_returnsInvalidValue[4]" time="0.001"/>
  <testcase classname="bp.BloodPressureTest" name="testSetDiastolic_diastolicTooLow_returnsInvalidValue[4]" time="0.003"/>
  <testcase classname="bp.BloodPressureTest" name="testSetDiastolic_diastolicValid_setsValue[4]" time="0.01"/>
  <testcase classname="bp.BloodPressureTest" name="testSetSystolic_systolicValid_setsValue[4]" time="0.013"/>
  <testcase classname="bp.BloodPressureTest" name="testSetSystolic_systolicTooHigh_returnsInvalidValue[4]" time="0.002"/>
  <testcase classname="bp.BloodPressureTest" name="testSetBPCategory[4]" time="0"/>
  <testcase classname="bp.BloodPressureTest" name="testSetSystolic_systolicTooLow_returnsInvalidValue[5]" time="0.001"/>
  <testcase classname="bp.BloodPressureTest" name="testSetDiastolic_diastolicTooHigh_returnsInvalidValue[5]" time="0.004"/>
  <testcase classname="bp.BloodPressureTest" name="testSetDiastolic_diastolicTooLow_returnsInvalidValue[5]" time="0.003"/>
  <testcase classname="bp.BloodPressureTest" name="testSetDiastolic_diastolicValid_setsValue[5]" time="0.002"/>
  <testcase classname="bp.BloodPressureTest" name="testSetSystolic_systolicValid_setsValue[5]" time="0.001"/>
  <testcase classname="bp.BloodPressureTest" name="testSetSystolic_systolicTooHigh_returnsInvalidValue[5]" time="0.005"/>
  <testcase classname="bp.BloodPressureTest" name="testSetBPCategory[5]" time="0"/>
  <testcase classname="bp.BloodPressureTest" name="testSetSystolic_systolicTooLow_returnsInvalidValue[6]" time="0.046"/>
  <testcase classname="bp.BloodPressureTest" name="testSetDiastolic_diastolicTooHigh_returnsInvalidValue[6]" time="0.018"/>
  <testcase classname="bp.BloodPressureTest" name="testSetDiastolic_diastolicTooLow_returnsInvalidValue[6]" time="0.038"/>
  <testcase classname="bp.BloodPressureTest" name="testSetDiastolic_diastolicValid_setsValue[6]" time="0.008"/>
  <testcase classname="bp.BloodPressureTest" name="testSetSystolic_systolicValid_setsValue[6]" time="0.002"/>
  <testcase classname="bp.BloodPressureTest" name="testSetSystolic_systolicTooHigh_returnsInvalidValue[6]" time="0.001"/>
  <testcase classname="bp.BloodPressureTest" name="testSetBPCategory[6]" time="0"/>
</testsuite>